<?xml version="1.0" encoding="UTF-8"?>
<!-- Generated by org.testng.reporters.JUnitReportReporter -->
<testsuite skipped="0" hostname="SHI58495EU1533F" name="com.hrm.qa.testcases.LoginPageTest" tests="1" failures="0" timestamp="04 Aug 2020 10:03:44 GMT" time="22.276" errors="0">
  <testcase name="LoginTest" time="22.276" classname="com.hrm.qa.testcases.LoginPageTest"/>
</testsuite> <!-- com.hrm.qa.testcases.LoginPageTest -->
