<?xml version="1.0" encoding="UTF-8"?>
<!-- Generated by org.testng.reporters.JUnitReportReporter -->
<testsuite skipped="0" hostname="SHI58495EU1533F" name="com.hrm.qa.testcases.HomePageTest" tests="2" failures="0" timestamp="04 Aug 2020 16:11:52 GMT" time="44.483" errors="0">
  <testcase name="addNewEmployeeTest" time="25.182" classname="com.hrm.qa.testcases.HomePageTest"/>
  <testcase name="searchEmployeeTest" time="19.301" classname="com.hrm.qa.testcases.HomePageTest"/>
</testsuite> <!-- com.hrm.qa.testcases.HomePageTest -->
